<?xml version="1.0" encoding="UTF-8"?>
<testng-results ignored="0" total="1" passed="1" failed="0" skipped="0">
  <reporter-output>
    <line>
      <![CDATA[Signin into LoginPage<br>]]>
    </line>
    <line>
      <![CDATA[Verifying Login Button is present<br>]]>
    </line>
    <line>
      <![CDATA[Enter the creds]]>
    </line>
  </reporter-output>
  <suite started-at="2025-05-23T22:58:26 IST" name="Suite" finished-at="2025-05-23T22:58:55 IST" duration-ms="29389">
    <groups>
    </groups>
    <test started-at="2025-05-23T22:58:26 IST" name="LoginTestAutomation1" finished-at="2025-05-23T22:58:55 IST" duration-ms="29389">
      <class name="qa.tests.TestCase1">
        <test-method is-config="true" signature="beforeTestMethod()[pri:0, instance:qa.tests.TestCase1@37883b97]" started-at="2025-05-23T22:58:26 IST" name="beforeTestMethod" finished-at="2025-05-23T22:58:26 IST" duration-ms="11" status="PASS">
          <reporter-output>
          </reporter-output>
        </test-method> <!-- beforeTestMethod -->
        <test-method is-config="true" signature="beforeMethodMethod(java.lang.String,java.lang.reflect.Method)[pri:0, instance:qa.tests.TestCase1@37883b97]" started-at="2025-05-23T22:58:26 IST" name="beforeMethodMethod" finished-at="2025-05-23T22:58:50 IST" duration-ms="23567" status="PASS">
          <params>
            <param index="0">
              <value>
                <![CDATA[chrome]]>
              </value>
            </param>
            <param index="1">
              <value>
                <![CDATA[public void qa.tests.TestCase1.sampleMethodForEnteringCreds(java.lang.String,java.lang.String)]]>
              </value>
            </param>
          </params>
          <reporter-output>
          </reporter-output>
        </test-method> <!-- beforeMethodMethod -->
        <test-method signature="sampleMethodForEnteringCreds(java.lang.String,java.lang.String)[pri:0, instance:qa.tests.TestCase1@37883b97]" started-at="2025-05-23T22:58:50 IST" name="sampleMethodForEnteringCreds" data-provider="loginTestData" finished-at="2025-05-23T22:58:55 IST" duration-ms="4647" status="PASS">
          <params>
            <param index="0">
              <value>
                <![CDATA[onkarkolkur1999@gmail.com]]>
              </value>
            </param>
            <param index="1">
              <value>
                <![CDATA[Happy@1199]]>
              </value>
            </param>
          </params>
          <reporter-output>
            <line>
              <![CDATA[Signin into LoginPage<br>]]>
            </line>
            <line>
              <![CDATA[Verifying Login Button is present<br>]]>
            </line>
            <line>
              <![CDATA[Enter the creds]]>
            </line>
          </reporter-output>
        </test-method> <!-- sampleMethodForEnteringCreds -->
        <test-method is-config="true" signature="afterMethodMethod()[pri:0, instance:qa.tests.TestCase1@37883b97]" started-at="2025-05-23T22:58:55 IST" name="afterMethodMethod" finished-at="2025-05-23T22:58:55 IST" duration-ms="397" status="PASS">
          <reporter-output>
          </reporter-output>
        </test-method> <!-- afterMethodMethod -->
        <test-method is-config="true" signature="afterTestMethod()[pri:0, instance:qa.tests.TestCase1@37883b97]" started-at="2025-05-23T22:58:55 IST" name="afterTestMethod" finished-at="2025-05-23T22:58:55 IST" duration-ms="0" status="PASS">
          <reporter-output>
          </reporter-output>
        </test-method> <!-- afterTestMethod -->
      </class> <!-- qa.tests.TestCase1 -->
    </test> <!-- LoginTestAutomation1 -->
  </suite> <!-- Suite -->
</testng-results>
