<?xml version="1.0" encoding="UTF-8"?>
<testng-results ignored="0" total="2" passed="2" failed="0" skipped="0">
  <reporter-output>
    <line>
      <![CDATA[Signin into LoginPage<br>]]>
    </line>
    <line>
      <![CDATA[Verifying Login Button is present<br>]]>
    </line>
    <line>
      <![CDATA[Enter the creds]]>
    </line>
    <line>
      <![CDATA[Signin into LoginPage<br>]]>
    </line>
    <line>
      <![CDATA[Verifying Login Button is present<br>]]>
    </line>
  </reporter-output>
  <suite started-at="2025-05-23T17:22:42 IST" name="Suite" finished-at="2025-05-23T17:23:34 IST" duration-ms="51866">
    <groups>
    </groups>
    <test started-at="2025-05-23T17:22:42 IST" name="LoginTestAutomation1" finished-at="2025-05-23T17:23:13 IST" duration-ms="31114">
      <class name="qa.tests.TestCase1">
        <test-method is-config="true" signature="beforeTestMethod()[pri:0, instance:qa.tests.TestCase1@7d8704ef]" started-at="2025-05-23T17:22:42 IST" name="beforeTestMethod" finished-at="2025-05-23T17:22:42 IST" duration-ms="10" status="PASS">
          <reporter-output>
          </reporter-output>
        </test-method> <!-- beforeTestMethod -->
        <test-method is-config="true" signature="beforeMethodMethod(java.lang.String,java.lang.reflect.Method)[pri:0, instance:qa.tests.TestCase1@7d8704ef]" started-at="2025-05-23T17:22:42 IST" name="beforeMethodMethod" finished-at="2025-05-23T17:23:00 IST" duration-ms="17855" status="PASS">
          <params>
            <param index="0">
              <value>
                <![CDATA[chrome]]>
              </value>
            </param>
            <param index="1">
              <value>
                <![CDATA[public void qa.tests.TestCase1.sampleMethodForEnteringCreds()]]>
              </value>
            </param>
          </params>
          <reporter-output>
          </reporter-output>
        </test-method> <!-- beforeMethodMethod -->
        <test-method signature="sampleMethodForEnteringCreds()[pri:0, instance:qa.tests.TestCase1@7d8704ef]" started-at="2025-05-23T17:23:00 IST" name="sampleMethodForEnteringCreds" finished-at="2025-05-23T17:23:13 IST" duration-ms="12913" status="PASS">
          <reporter-output>
            <line>
              <![CDATA[Signin into LoginPage<br>]]>
            </line>
            <line>
              <![CDATA[Verifying Login Button is present<br>]]>
            </line>
            <line>
              <![CDATA[Enter the creds]]>
            </line>
          </reporter-output>
        </test-method> <!-- sampleMethodForEnteringCreds -->
        <test-method is-config="true" signature="afterMethodMethod()[pri:0, instance:qa.tests.TestCase1@7d8704ef]" started-at="2025-05-23T17:23:13 IST" name="afterMethodMethod" finished-at="2025-05-23T17:23:13 IST" duration-ms="306" status="PASS">
          <reporter-output>
          </reporter-output>
        </test-method> <!-- afterMethodMethod -->
        <test-method is-config="true" signature="afterTestMethod()[pri:0, instance:qa.tests.TestCase1@7d8704ef]" started-at="2025-05-23T17:23:13 IST" name="afterTestMethod" finished-at="2025-05-23T17:23:13 IST" duration-ms="0" status="PASS">
          <reporter-output>
          </reporter-output>
        </test-method> <!-- afterTestMethod -->
      </class> <!-- qa.tests.TestCase1 -->
    </test> <!-- LoginTestAutomation1 -->
    <test started-at="2025-05-23T17:23:14 IST" name="LoginTestAutomation2" finished-at="2025-05-23T17:23:34 IST" duration-ms="20719">
      <class name="qa.tests.TestCase2">
        <test-method is-config="true" signature="beforeTestMethod()[pri:0, instance:qa.tests.TestCase2@2f465398]" started-at="2025-05-23T17:23:14 IST" name="beforeTestMethod" finished-at="2025-05-23T17:23:14 IST" duration-ms="0" status="PASS">
          <reporter-output>
          </reporter-output>
        </test-method> <!-- beforeTestMethod -->
        <test-method is-config="true" signature="beforeMethodMethod(java.lang.String,java.lang.reflect.Method)[pri:0, instance:qa.tests.TestCase2@2f465398]" started-at="2025-05-23T17:23:14 IST" name="beforeMethodMethod" finished-at="2025-05-23T17:23:25 IST" duration-ms="11747" status="PASS">
          <params>
            <param index="0">
              <value>
                <![CDATA[edge]]>
              </value>
            </param>
            <param index="1">
              <value>
                <![CDATA[public void qa.tests.TestCase2.verifyFirstPage()]]>
              </value>
            </param>
          </params>
          <reporter-output>
          </reporter-output>
        </test-method> <!-- beforeMethodMethod -->
        <test-method signature="verifyFirstPage()[pri:0, instance:qa.tests.TestCase2@2f465398]" started-at="2025-05-23T17:23:25 IST" name="verifyFirstPage" finished-at="2025-05-23T17:23:33 IST" duration-ms="7603" status="PASS">
          <reporter-output>
            <line>
              <![CDATA[Signin into LoginPage<br>]]>
            </line>
            <line>
              <![CDATA[Verifying Login Button is present<br>]]>
            </line>
          </reporter-output>
        </test-method> <!-- verifyFirstPage -->
        <test-method is-config="true" signature="afterMethodMethod()[pri:0, instance:qa.tests.TestCase2@2f465398]" started-at="2025-05-23T17:23:33 IST" name="afterMethodMethod" finished-at="2025-05-23T17:23:34 IST" duration-ms="1365" status="PASS">
          <reporter-output>
          </reporter-output>
        </test-method> <!-- afterMethodMethod -->
        <test-method is-config="true" signature="afterTestMethod()[pri:0, instance:qa.tests.TestCase2@2f465398]" started-at="2025-05-23T17:23:34 IST" name="afterTestMethod" finished-at="2025-05-23T17:23:34 IST" duration-ms="2" status="PASS">
          <reporter-output>
          </reporter-output>
        </test-method> <!-- afterTestMethod -->
      </class> <!-- qa.tests.TestCase2 -->
    </test> <!-- LoginTestAutomation2 -->
  </suite> <!-- Suite -->
</testng-results>
